<?xml version="1.0" encoding="UTF-8"?>
<!-- Generated by org.testng.reporters.JUnitXMLReporter -->
<testsuite ignored="1" hostname="Rekha" failures="1" tests="1" name="Surefire test" time="1.528" errors="0" timestamp="2026-02-09T00:24:03 CST">
  <testcase classname="com.creatio.crm.application.tests.ApplicationTest" name="verifyCookiePopupDisplayed" time="0.001">
    <failure type="java.lang.NullPointerException">
      <![CDATA[java.lang.NullPointerException
at java.base/java.util.Objects.requireNonNull(Objects.java:233)
at java.base/java.util.ImmutableCollections$Map1.<init>(ImmutableCollections.java:1112)
at java.base/java.util.Map.of(Map.java:1365)
at org.openqa.selenium.remote.DriverCommand.GET(DriverCommand.java:178)
at org.openqa.selenium.remote.RemoteWebDriver.get(RemoteWebDriver.java:329)
at com.creatio.crm.framework.web.commons.WebCommons.launchApplication(WebCommons.java:36)
at com.creatio.crm.application.tests.ApplicationTest.verifyCookiePopupDisplayed(ApplicationTest.java:9)
at java.base/java.util.ArrayList.forEach(ArrayList.java:1596)
... Removed 30 stack frames]]>
    </failure>
  </testcase> <!-- verifyCookiePopupDisplayed -->
  <testcase classname="com.creatio.crm.framework.reports.Reports" name="@BeforeSuite setupReport" time="0.0">
    <ignored/>
  </testcase> <!-- @BeforeSuite setupReport -->
</testsuite> <!-- Surefire test -->
